********************************************************************************
product = WebSphere Application Server 8.5.5.4 (wlp-1.0.7.cl50420141211-1039)
wlp.install.dir = /home/fab/eclipse/configuration/org.eclipse.osgi/908/0/.cp/resources/server_runtime/
server.config.dir = /home/fab/code/DB2-Workspace/.metadata/.plugins/com.ibm.etools.wdt.server.core/tmp0/usr/servers/defaultServer0/
java.home = /opt/jre1.8.0_45
java.version = 1.8.0_45
java.runtime = Java(TM) SE Runtime Environment (1.8.0_45-b14)
os = Linux (3.10.0-229.4.2.el7.x86_64; amd64) (en_US)
process = 9367@localhost.localdomain
********************************************************************************
[6/24/15 10:23:18:269 PDT] 00000001 com.ibm.ws.kernel.launch.internal.FrameworkManager           A CWWKE0001I: The server defaultServer0 has been launched.
[6/24/15 10:23:21:294 PDT] 00000001 com.ibm.ws.kernel.launch.internal.FrameworkManager           I CWWKE0002I: The kernel started after 4.306 seconds
[6/24/15 10:23:21:487 PDT] 00000016 com.ibm.ws.kernel.feature.internal.FeatureManager            I CWWKF0007I: Feature update started.
[6/24/15 10:23:23:984 PDT] 0000000e com.ibm.ws.app.manager.internal.monitor.DropinMonitor        A CWWKZ0058I: Monitoring dropins for applications. 
[6/24/15 10:23:24:437 PDT] 00000018 com.ibm.ws.tcpchannel.internal.TCPChannel                    I CWWKO0219I: TCP Channel defaultHttpEndpoint has been started and is now listening for requests on host *  (IPv6) port 8080.
[6/24/15 10:23:25:840 PDT] 00000019 com.ibm.ws.app.manager.AppMessageHelper                      I CWWKZ0018I: Starting application PhoneToWeb.
[6/24/15 10:23:25:846 PDT] 0000001a com.ibm.ws.app.manager.AppMessageHelper                      I CWWKZ0018I: Starting application proxy.
[6/24/15 10:23:27:155 PDT] 0000001a com.ibm.ws.webcontainer.osgi.webapp.WebGroup                 I SRVE0169I: Loading Web Module: Ajax Proxy for IBM WebSphere.
[6/24/15 10:23:27:157 PDT] 0000001a com.ibm.ws.webcontainer                                      I SRVE0250I: Web Module Ajax Proxy for IBM WebSphere has been bound to default_host.
[6/24/15 10:23:27:158 PDT] 0000001a com.ibm.ws.http.internal.VirtualHostImpl                     A CWWKT0016I: Web application available (default_host): http://10.0.2.15:8080/proxy/
[6/24/15 10:23:27:170 PDT] 0000001a com.ibm.ws.app.manager.AppMessageHelper                      A CWWKZ0001I: Application proxy started in 1.324 seconds.
[6/24/15 10:23:27:175 PDT] 00000019 com.ibm.ws.webcontainer.osgi.webapp.WebGroup                 I SRVE0169I: Loading Web Module: DocumentSecurityService.
[6/24/15 10:23:27:175 PDT] 00000019 com.ibm.ws.webcontainer                                      I SRVE0250I: Web Module DocumentSecurityService has been bound to default_host.
[6/24/15 10:23:27:176 PDT] 00000019 com.ibm.ws.http.internal.VirtualHostImpl                     A CWWKT0016I: Web application available (default_host): http://10.0.2.15:8080/PhoneToWeb/
[6/24/15 10:23:27:176 PDT] 00000019 com.ibm.ws.app.manager.AppMessageHelper                      A CWWKZ0001I: Application PhoneToWeb started in 1.337 seconds.
[6/24/15 10:23:27:187 PDT] 00000016 com.ibm.ws.kernel.feature.internal.FeatureManager            A CWWKF0012I: The server installed the following features: [servlet-3.0, jsp-2.2, json-1.0, localConnector-1.0, jaxrs-1.1].
[6/24/15 10:23:27:188 PDT] 00000016 com.ibm.ws.kernel.feature.internal.FeatureManager            I CWWKF0008I: Feature update completed in 5.901 seconds.
[6/24/15 10:23:27:188 PDT] 00000016 com.ibm.ws.kernel.feature.internal.FeatureManager            A CWWKF0011I: The server defaultServer0 is ready to run a smarter planet.
[6/24/15 10:23:29:313 PDT] 00000020 com.ibm.ws.session.WASSessionCore                            I SESN8501I: The session manager did not find a persistent storage location; HttpSession objects will be stored in the local application server's memory.
[6/24/15 10:23:29:317 PDT] 00000020 com.ibm.ws.session.WASSessionCore                            I SESN0176I: A new session context will be created for application key default_host/PhoneToWeb
[6/24/15 10:23:29:365 PDT] 00000020 com.ibm.ws.util                                              I SESN0172I: The session manager is using the Java default SecureRandom implementation for session ID generation.
[6/24/15 10:23:30:119 PDT] 00000020 org.apache.wink.server.internal.servlet.RestServlet          I The system is using the /WEB-INF/resources JAX-RS application class named in the applicationConfigLocation init-param initialization parameter.
[6/24/15 10:23:30:316 PDT] 00000020 apache.wink.server.internal.application.ApplicationProcessor I The following JAX-RS application has been processed: org.apache.wink.server.internal.application.ServletWinkApplication
[6/24/15 10:23:30:317 PDT] 00000020 org.apache.wink.server.internal.log.Resources                I The server has registered the JAX-RS resource class com.ibm.arc.documentsecurity.resources.DataBeanService with @Path(/dataservice).
[6/24/15 10:23:30:318 PDT] 00000020 org.apache.wink.server.internal.log.Providers                I There are no custom JAX-RS providers defined in the application.
[6/24/15 10:23:31:586 PDT] 00000020 com.ibm.ws.webcontainer.servlet                              I SRVE0242I: [PhoneToWeb] [/PhoneToWeb] [JAX-RS Servlet]: Initialization successful.
[6/24/15 10:24:28:585 PDT] 00000022 SystemOut                                                    O Data 1 = Fabianooo  and  Data2 = 9000.0
[6/24/15 10:24:53:982 PDT] 00000020 SystemOut                                                    O Data 1 = Fabianooo  and  Data2 = 9000.0
[6/24/15 10:25:03:443 PDT] 0000001a SystemOut                                                    O Data 1 = Fabianooo  and  Data2 = 120000.0
[6/24/15 10:25:12:776 PDT] 00000018 SystemOut                                                    O Data 1 = Ebele  and  Data2 = 120000.0
[6/24/15 10:27:57:809 PDT] 00000023 SystemOut                                                    O Data 1 = Ebele  and  Data2 = 48.0
[6/24/15 10:30:04:567 PDT] 00000023 SystemOut                                                    O Data 1 = fabo  and  Data2 = 101.0
[6/24/15 10:31:58:282 PDT] 00000024 SystemOut                                                    O Data 1 = fabo  and  Data2 = 101.0
[6/24/15 10:32:06:318 PDT] 00000025 SystemOut                                                    O Data 1 = fabo  and  Data2 = 202.0
[6/24/15 10:47:46:450 PDT] 00000026 SystemOut                                                    O Data 1 = fabo  and  Data2 = 203.0
[6/24/15 10:47:51:418 PDT] 00000026 SystemOut                                                    O Data 1 = fabo  and  Data2 = 250000.0
[6/24/15 15:05:00:520 PDT] 0000001a com.ibm.ws.http.internal.VirtualHostImpl                     A CWWKT0017I: Web application removed (default_host): http://10.0.2.15:8080/PhoneToWeb/
[6/24/15 15:05:00:542 PDT] 0000001a com.ibm.ws.webcontainer.servlet                              I SRVE0253I: [PhoneToWeb] [/PhoneToWeb] [JAX-RS Servlet]: Destroy successful.
[6/24/15 15:05:00:589 PDT] 0000001a com.ibm.ws.app.manager.AppMessageHelper                      A CWWKZ0009I: The application PhoneToWeb has stopped successfully.
[6/24/15 15:05:00:592 PDT] 0000001a com.ibm.ws.app.manager.AppMessageHelper                      I CWWKZ0018I: Starting application PhoneToWeb.
[6/24/15 15:05:00:686 PDT] 0000001a com.ibm.ws.webcontainer.osgi.webapp.WebGroup                 I SRVE0169I: Loading Web Module: DocumentSecurityService.
[6/24/15 15:05:00:686 PDT] 0000001a com.ibm.ws.webcontainer                                      I SRVE0250I: Web Module DocumentSecurityService has been bound to default_host.
[6/24/15 15:05:00:686 PDT] 0000001a com.ibm.ws.http.internal.VirtualHostImpl                     A CWWKT0016I: Web application available (default_host): http://10.0.2.15:8080/PhoneToWeb/
[6/24/15 15:05:00:687 PDT] 0000001a com.ibm.ws.app.manager.AppMessageHelper                      A CWWKZ0003I: The application PhoneToWeb updated in 0.095 seconds.
[6/24/15 15:06:49:408 PDT] 0000002c com.ibm.ws.http.internal.VirtualHostImpl                     A CWWKT0017I: Web application removed (default_host): http://10.0.2.15:8080/PhoneToWeb/
[6/24/15 15:06:49:436 PDT] 0000002c com.ibm.ws.app.manager.AppMessageHelper                      A CWWKZ0009I: The application PhoneToWeb has stopped successfully.
[6/24/15 15:06:49:439 PDT] 0000002c com.ibm.ws.app.manager.AppMessageHelper                      I CWWKZ0018I: Starting application PhoneToWeb.
[6/24/15 15:06:49:496 PDT] 0000002c com.ibm.ws.webcontainer.osgi.webapp.WebGroup                 I SRVE0169I: Loading Web Module: DocumentSecurityService.
[6/24/15 15:06:49:497 PDT] 0000002c com.ibm.ws.webcontainer                                      I SRVE0250I: Web Module DocumentSecurityService has been bound to default_host.
[6/24/15 15:06:49:497 PDT] 0000002c com.ibm.ws.http.internal.VirtualHostImpl                     A CWWKT0016I: Web application available (default_host): http://10.0.2.15:8080/PhoneToWeb/
[6/24/15 15:06:49:497 PDT] 0000002c com.ibm.ws.app.manager.AppMessageHelper                      A CWWKZ0003I: The application PhoneToWeb updated in 0.058 seconds.
[6/24/15 15:22:36:691 PDT] 00000031 com.ibm.ws.http.internal.VirtualHostImpl                     A CWWKT0017I: Web application removed (default_host): http://10.0.2.15:8080/PhoneToWeb/
[6/24/15 15:22:36:710 PDT] 00000031 com.ibm.ws.app.manager.AppMessageHelper                      A CWWKZ0009I: The application PhoneToWeb has stopped successfully.
[6/24/15 15:22:36:713 PDT] 00000031 com.ibm.ws.app.manager.AppMessageHelper                      I CWWKZ0018I: Starting application PhoneToWeb.
[6/24/15 15:22:36:750 PDT] 00000031 com.ibm.ws.webcontainer.osgi.webapp.WebGroup                 I SRVE0169I: Loading Web Module: DocumentSecurityService.
[6/24/15 15:22:36:750 PDT] 00000031 com.ibm.ws.webcontainer                                      I SRVE0250I: Web Module DocumentSecurityService has been bound to default_host.
[6/24/15 15:22:36:751 PDT] 00000031 com.ibm.ws.http.internal.VirtualHostImpl                     A CWWKT0016I: Web application available (default_host): http://10.0.2.15:8080/PhoneToWeb/
[6/24/15 15:22:36:751 PDT] 00000031 com.ibm.ws.app.manager.AppMessageHelper                      A CWWKZ0003I: The application PhoneToWeb updated in 0.038 seconds.
[6/24/15 15:22:55:218 PDT] 00000033 com.ibm.ws.http.internal.VirtualHostImpl                     A CWWKT0017I: Web application removed (default_host): http://10.0.2.15:8080/PhoneToWeb/
[6/24/15 15:22:55:233 PDT] 00000033 com.ibm.ws.app.manager.AppMessageHelper                      A CWWKZ0009I: The application PhoneToWeb has stopped successfully.
[6/24/15 15:22:55:236 PDT] 00000033 com.ibm.ws.app.manager.AppMessageHelper                      I CWWKZ0018I: Starting application PhoneToWeb.
[6/24/15 15:22:55:262 PDT] 00000033 com.ibm.ws.webcontainer.osgi.webapp.WebGroup                 I SRVE0169I: Loading Web Module: DocumentSecurityService.
[6/24/15 15:22:55:262 PDT] 00000033 com.ibm.ws.webcontainer                                      I SRVE0250I: Web Module DocumentSecurityService has been bound to default_host.
[6/24/15 15:22:55:262 PDT] 00000033 com.ibm.ws.http.internal.VirtualHostImpl                     A CWWKT0016I: Web application available (default_host): http://10.0.2.15:8080/PhoneToWeb/
[6/24/15 15:22:55:262 PDT] 00000033 com.ibm.ws.app.manager.AppMessageHelper                      A CWWKZ0003I: The application PhoneToWeb updated in 0.027 seconds.
[6/24/15 15:24:28:324 PDT] 00000035 com.ibm.ws.http.internal.VirtualHostImpl                     A CWWKT0017I: Web application removed (default_host): http://10.0.2.15:8080/PhoneToWeb/
[6/24/15 15:24:28:328 PDT] 00000035 com.ibm.ws.app.manager.AppMessageHelper                      A CWWKZ0009I: The application PhoneToWeb has stopped successfully.
[6/24/15 15:24:28:331 PDT] 00000035 com.ibm.ws.app.manager.AppMessageHelper                      I CWWKZ0018I: Starting application PhoneToWeb.
[6/24/15 15:24:28:355 PDT] 00000035 com.ibm.ws.webcontainer.osgi.webapp.WebGroup                 I SRVE0169I: Loading Web Module: DocumentSecurityService.
[6/24/15 15:24:28:356 PDT] 00000035 com.ibm.ws.webcontainer                                      I SRVE0250I: Web Module DocumentSecurityService has been bound to default_host.
[6/24/15 15:24:28:356 PDT] 00000035 com.ibm.ws.http.internal.VirtualHostImpl                     A CWWKT0016I: Web application available (default_host): http://10.0.2.15:8080/PhoneToWeb/
[6/24/15 15:24:28:370 PDT] 00000035 com.ibm.ws.app.manager.AppMessageHelper                      A CWWKZ0003I: The application PhoneToWeb updated in 0.039 seconds.
[6/24/15 15:24:53:638 PDT] 0000002c com.ibm.ws.http.internal.VirtualHostImpl                     A CWWKT0017I: Web application removed (default_host): http://10.0.2.15:8080/PhoneToWeb/
[6/24/15 15:24:53:641 PDT] 0000002c com.ibm.ws.app.manager.AppMessageHelper                      A CWWKZ0009I: The application PhoneToWeb has stopped successfully.
[6/24/15 15:24:53:649 PDT] 0000002c com.ibm.ws.app.manager.AppMessageHelper                      I CWWKZ0018I: Starting application PhoneToWeb.
[6/24/15 15:24:53:691 PDT] 0000002c com.ibm.ws.webcontainer.osgi.webapp.WebGroup                 I SRVE0169I: Loading Web Module: DocumentSecurityService.
[6/24/15 15:24:53:691 PDT] 0000002c com.ibm.ws.webcontainer                                      I SRVE0250I: Web Module DocumentSecurityService has been bound to default_host.
[6/24/15 15:24:53:691 PDT] 0000002c com.ibm.ws.http.internal.VirtualHostImpl                     A CWWKT0016I: Web application available (default_host): http://10.0.2.15:8080/PhoneToWeb/
[6/24/15 15:24:53:691 PDT] 0000002c com.ibm.ws.app.manager.AppMessageHelper                      A CWWKZ0003I: The application PhoneToWeb updated in 0.042 seconds.
[6/24/15 15:25:05:446 PDT] 00000038 com.ibm.ws.http.internal.VirtualHostImpl                     A CWWKT0017I: Web application removed (default_host): http://10.0.2.15:8080/PhoneToWeb/
[6/24/15 15:25:05:453 PDT] 00000038 com.ibm.ws.app.manager.AppMessageHelper                      A CWWKZ0009I: The application PhoneToWeb has stopped successfully.
[6/24/15 15:25:05:455 PDT] 00000038 com.ibm.ws.app.manager.AppMessageHelper                      I CWWKZ0018I: Starting application PhoneToWeb.
[6/24/15 15:25:05:527 PDT] 00000038 com.ibm.ws.webcontainer.osgi.webapp.WebGroup                 I SRVE0169I: Loading Web Module: DocumentSecurityService.
[6/24/15 15:25:05:527 PDT] 00000038 com.ibm.ws.webcontainer                                      I SRVE0250I: Web Module DocumentSecurityService has been bound to default_host.
[6/24/15 15:25:05:527 PDT] 00000038 com.ibm.ws.http.internal.VirtualHostImpl                     A CWWKT0016I: Web application available (default_host): http://10.0.2.15:8080/PhoneToWeb/
[6/24/15 15:25:05:528 PDT] 00000038 com.ibm.ws.app.manager.AppMessageHelper                      A CWWKZ0003I: The application PhoneToWeb updated in 0.072 seconds.
[6/24/15 15:27:30:332 PDT] 00000035 com.ibm.ws.http.internal.VirtualHostImpl                     A CWWKT0017I: Web application removed (default_host): http://10.0.2.15:8080/PhoneToWeb/
[6/24/15 15:27:30:357 PDT] 00000035 com.ibm.ws.app.manager.AppMessageHelper                      A CWWKZ0009I: The application PhoneToWeb has stopped successfully.
[6/24/15 15:27:30:359 PDT] 00000035 com.ibm.ws.app.manager.AppMessageHelper                      I CWWKZ0018I: Starting application PhoneToWeb.
[6/24/15 15:27:30:407 PDT] 00000035 com.ibm.ws.webcontainer.osgi.webapp.WebGroup                 I SRVE0169I: Loading Web Module: DocumentSecurityService.
[6/24/15 15:27:30:408 PDT] 00000035 com.ibm.ws.webcontainer                                      I SRVE0250I: Web Module DocumentSecurityService has been bound to default_host.
[6/24/15 15:27:30:408 PDT] 00000035 com.ibm.ws.http.internal.VirtualHostImpl                     A CWWKT0016I: Web application available (default_host): http://10.0.2.15:8080/PhoneToWeb/
[6/24/15 15:27:30:408 PDT] 00000035 com.ibm.ws.app.manager.AppMessageHelper                      A CWWKZ0003I: The application PhoneToWeb updated in 0.049 seconds.
[6/24/15 15:28:05:845 PDT] 0000000c com.ibm.ws.kernel.launch.internal.FrameworkManager           A CWWKE0085I: The server defaultServer0 is stopping because the JVM is exiting.
[6/24/15 15:28:05:866 PDT] 0000002c com.ibm.ws.http.internal.VirtualHostImpl                     A CWWKT0017I: Web application removed (default_host): http://10.0.2.15:8080/proxy/
[6/24/15 15:28:05:884 PDT] 00000038 com.ibm.ws.http.internal.VirtualHostImpl                     A CWWKT0017I: Web application removed (default_host): http://10.0.2.15:8080/PhoneToWeb/
[6/24/15 15:28:05:885 PDT] 0000002c com.ibm.ws.app.manager.AppMessageHelper                      A CWWKZ0009I: The application proxy has stopped successfully.
[6/24/15 15:28:05:889 PDT] 00000038 com.ibm.ws.app.manager.AppMessageHelper                      A CWWKZ0009I: The application PhoneToWeb has stopped successfully.
[6/24/15 15:28:06:083 PDT] 00000033 com.ibm.ws.tcpchannel.internal.TCPChannel                    I CWWKO0220I: TCP Channel defaultHttpEndpoint has stopped listening for requests on host *  (IPv6) port 8080.
[6/24/15 15:28:06:302 PDT] 00000001 com.ibm.ws.kernel.launch.internal.FrameworkManager           A CWWKE0036I: The server defaultServer0 stopped after 1 hours, 53 minutes, 29.045 seconds.
